This file contains any messages produced by compilers while
running configure, to aid debugging if configure makes a mistake.

It was created by RudeConfig configure 5.0.5, which was
generated by GNU Autoconf 2.59.  Invocation command line was

  $ ./configure 

## --------- ##
## Platform. ##
## --------- ##

hostname = orangepizero
uname -m = armv7l
uname -r = 5.10.43-sunxi
uname -s = Linux
uname -v = #21.05.6 SMP Mon Jun 21 15:07:45 UTC 2021

/usr/bin/uname -p = unknown
/bin/uname -X     = unknown

/bin/arch              = armv7l
/usr/bin/arch -k       = unknown
/usr/convex/getsysinfo = unknown
hostinfo               = unknown
/bin/machine           = unknown
/usr/bin/oslevel       = unknown
/bin/universe          = unknown

PATH: /usr/local/sbin
PATH: /usr/local/bin
PATH: /usr/sbin
PATH: /usr/bin
PATH: /sbin
PATH: /bin


## ----------- ##
## Core tests. ##
## ----------- ##

configure:1541: checking build system type
configure:1559: result: armv7l-unknown-linux-gnu
configure:1567: checking host system type
configure:1581: result: armv7l-unknown-linux-gnu
configure:1589: checking target system type
configure:1603: result: armv7l-unknown-linux-gnu
configure:1631: checking for a BSD-compatible install
configure:1686: result: /usr/bin/install -c
configure:1697: checking whether build environment is sane
configure:1740: result: yes
configure:1805: checking for gawk
configure:1834: result: no
configure:1805: checking for mawk
configure:1821: found /usr/bin/mawk
configure:1831: result: mawk
configure:1841: checking whether make sets $(MAKE)
configure:1861: result: yes
configure:2083: checking for g++
configure:2099: found /usr/bin/g++
configure:2109: result: g++
configure:2125: checking for C++ compiler version
configure:2128: g++ --version </dev/null >&5
g++ (Debian 8.3.0-6) 8.3.0
Copyright (C) 2018 Free Software Foundation, Inc.
This is free software; see the source for copying conditions.  There is NO
warranty; not even for MERCHANTABILITY or FITNESS FOR A PARTICULAR PURPOSE.

configure:2131: $? = 0
configure:2133: g++ -v </dev/null >&5
Using built-in specs.
COLLECT_GCC=g++
COLLECT_LTO_WRAPPER=/usr/lib/gcc/arm-linux-gnueabihf/8/lto-wrapper
Target: arm-linux-gnueabihf
Configured with: ../src/configure -v --with-pkgversion='Debian 8.3.0-6' --with-bugurl=file:///usr/share/doc/gcc-8/README.Bugs --enable-languages=c,ada,c++,go,d,fortran,objc,obj-c++ --prefix=/usr --with-gcc-major-version-only --program-suffix=-8 --program-prefix=arm-linux-gnueabihf- --enable-shared --enable-linker-build-id --libexecdir=/usr/lib --without-included-gettext --enable-threads=posix --libdir=/usr/lib --enable-nls --enable-bootstrap --enable-clocale=gnu --enable-libstdcxx-debug --enable-libstdcxx-time=yes --with-default-libstdcxx-abi=new --enable-gnu-unique-object --disable-libitm --disable-libquadmath --disable-libquadmath-support --enable-plugin --enable-default-pie --with-system-zlib --with-target-system-zlib --enable-objc-gc=auto --enable-multiarch --disable-sjlj-exceptions --with-arch=armv7-a --with-fpu=vfpv3-d16 --with-float=hard --with-mode=thumb --disable-werror --enable-checking=release --build=arm-linux-gnueabihf --host=arm-linux-gnueabihf --target=arm-linux-gnueabihf
Thread model: posix
gcc version 8.3.0 (Debian 8.3.0-6) 
configure:2136: $? = 0
configure:2138: g++ -V </dev/null >&5
g++: error: unrecognized command line option '-V'
g++: fatal error: no input files
compilation terminated.
configure:2141: $? = 1
configure:2164: checking for C++ compiler default output file name
configure:2167: g++    conftest.cc  >&5
configure:2170: $? = 0
configure:2216: result: a.out
configure:2221: checking whether the C++ compiler works
configure:2227: ./a.out
configure:2230: $? = 0
configure:2247: result: yes
configure:2254: checking whether we are cross compiling
configure:2256: result: no
configure:2259: checking for suffix of executables
configure:2261: g++ -o conftest    conftest.cc  >&5
configure:2264: $? = 0
configure:2289: result: 
configure:2295: checking for suffix of object files
configure:2316: g++ -c   conftest.cc >&5
configure:2319: $? = 0
configure:2341: result: o
configure:2345: checking whether we are using the GNU C++ compiler
configure:2369: g++ -c   conftest.cc >&5
configure:2375: $? = 0
configure:2379: test -z 
			 || test ! -s conftest.err
configure:2382: $? = 0
configure:2385: test -s conftest.o
configure:2388: $? = 0
configure:2401: result: yes
configure:2407: checking whether g++ accepts -g
configure:2428: g++ -c -g  conftest.cc >&5
configure:2434: $? = 0
configure:2438: test -z 
			 || test ! -s conftest.err
configure:2441: $? = 0
configure:2444: test -s conftest.o
configure:2447: $? = 0
configure:2458: result: yes
configure:2500: g++ -c -g -O2  conftest.cc >&5
configure:2506: $? = 0
configure:2510: test -z 
			 || test ! -s conftest.err
configure:2513: $? = 0
configure:2516: test -s conftest.o
configure:2519: $? = 0
configure:2545: g++ -c -g -O2  conftest.cc >&5
conftest.cc: In function 'int main()':
conftest.cc:15:1: error: 'exit' was not declared in this scope
 exit (42);
 ^~~~
configure:2551: $? = 1
configure: failed program was:
| /* confdefs.h.  */
| 
| #define PACKAGE_NAME "RudeConfig"
| #define PACKAGE_TARNAME "rudeconfig"
| #define PACKAGE_VERSION "5.0.5"
| #define PACKAGE_STRING "RudeConfig 5.0.5"
| #define PACKAGE_BUGREPORT "matt@rudeserver.com"
| #define PACKAGE "rudeconfig"
| #define VERSION "5.0.5"
| /* end confdefs.h.  */
| 
| int
| main ()
| {
| exit (42);
|   ;
|   return 0;
| }
configure:2500: g++ -c -g -O2  conftest.cc >&5
configure:2506: $? = 0
configure:2510: test -z 
			 || test ! -s conftest.err
configure:2513: $? = 0
configure:2516: test -s conftest.o
configure:2519: $? = 0
configure:2545: g++ -c -g -O2  conftest.cc >&5
configure:2551: $? = 0
configure:2555: test -z 
			 || test ! -s conftest.err
configure:2558: $? = 0
configure:2561: test -s conftest.o
configure:2564: $? = 0
configure:2598: checking for style of include used by make
configure:2626: result: GNU
configure:2654: checking dependency style of g++
configure:2744: result: gcc3
configure:2807: checking for gcc
configure:2823: found /usr/bin/gcc
configure:2833: result: gcc
configure:3077: checking for C compiler version
configure:3080: gcc --version </dev/null >&5
gcc (Debian 8.3.0-6) 8.3.0
Copyright (C) 2018 Free Software Foundation, Inc.
This is free software; see the source for copying conditions.  There is NO
warranty; not even for MERCHANTABILITY or FITNESS FOR A PARTICULAR PURPOSE.

configure:3083: $? = 0
configure:3085: gcc -v </dev/null >&5
Using built-in specs.
COLLECT_GCC=gcc
COLLECT_LTO_WRAPPER=/usr/lib/gcc/arm-linux-gnueabihf/8/lto-wrapper
Target: arm-linux-gnueabihf
Configured with: ../src/configure -v --with-pkgversion='Debian 8.3.0-6' --with-bugurl=file:///usr/share/doc/gcc-8/README.Bugs --enable-languages=c,ada,c++,go,d,fortran,objc,obj-c++ --prefix=/usr --with-gcc-major-version-only --program-suffix=-8 --program-prefix=arm-linux-gnueabihf- --enable-shared --enable-linker-build-id --libexecdir=/usr/lib --without-included-gettext --enable-threads=posix --libdir=/usr/lib --enable-nls --enable-bootstrap --enable-clocale=gnu --enable-libstdcxx-debug --enable-libstdcxx-time=yes --with-default-libstdcxx-abi=new --enable-gnu-unique-object --disable-libitm --disable-libquadmath --disable-libquadmath-support --enable-plugin --enable-default-pie --with-system-zlib --with-target-system-zlib --enable-objc-gc=auto --enable-multiarch --disable-sjlj-exceptions --with-arch=armv7-a --with-fpu=vfpv3-d16 --with-float=hard --with-mode=thumb --disable-werror --enable-checking=release --build=arm-linux-gnueabihf --host=arm-linux-gnueabihf --target=arm-linux-gnueabihf
Thread model: posix
gcc version 8.3.0 (Debian 8.3.0-6) 
configure:3088: $? = 0
configure:3090: gcc -V </dev/null >&5
gcc: error: unrecognized command line option '-V'
gcc: fatal error: no input files
compilation terminated.
configure:3093: $? = 1
configure:3096: checking whether we are using the GNU C compiler
configure:3120: gcc -c   conftest.c >&5
configure:3126: $? = 0
configure:3130: test -z 
			 || test ! -s conftest.err
configure:3133: $? = 0
configure:3136: test -s conftest.o
configure:3139: $? = 0
configure:3152: result: yes
configure:3158: checking whether gcc accepts -g
configure:3179: gcc -c -g  conftest.c >&5
configure:3185: $? = 0
configure:3189: test -z 
			 || test ! -s conftest.err
configure:3192: $? = 0
configure:3195: test -s conftest.o
configure:3198: $? = 0
configure:3209: result: yes
configure:3226: checking for gcc option to accept ANSI C
configure:3296: gcc  -c -g -O2  conftest.c >&5
configure:3302: $? = 0
configure:3306: test -z 
			 || test ! -s conftest.err
configure:3309: $? = 0
configure:3312: test -s conftest.o
configure:3315: $? = 0
configure:3333: result: none needed
configure:3351: gcc -c -g -O2  conftest.c >&5
conftest.c:2:3: error: unknown type name 'choke'
   choke me
   ^~~~~
conftest.c:2:3: error: expected '=', ',', ';', 'asm' or '__attribute__' at end of input
configure:3357: $? = 1
configure: failed program was:
| #ifndef __cplusplus
|   choke me
| #endif
configure:3492: checking dependency style of gcc
configure:3582: result: gcc3
configure:3671: checking for a sed that does not truncate output
configure:3727: result: /usr/bin/sed
configure:3730: checking for egrep
configure:3740: result: grep -E
configure:3756: checking for ld used by gcc
configure:3823: result: /usr/bin/ld
configure:3832: checking if the linker (/usr/bin/ld) is GNU ld
configure:3847: result: yes
configure:3852: checking for /usr/bin/ld option to reload object files
configure:3859: result: -r
configure:3877: checking for BSD-compatible nm
configure:3926: result: /usr/bin/nm -B
configure:3930: checking whether ln -s works
configure:3934: result: yes
configure:3941: checking how to recognise dependent libraries
configure:4117: result: pass_all
configure:4354: checking how to run the C preprocessor
configure:4389: gcc -E  conftest.c
configure:4395: $? = 0
configure:4427: gcc -E  conftest.c
conftest.c:14:10: fatal error: ac_nonexistent.h: No such file or directory
 #include <ac_nonexistent.h>
          ^~~~~~~~~~~~~~~~~~
compilation terminated.
configure:4433: $? = 1
configure: failed program was:
| /* confdefs.h.  */
| 
| #define PACKAGE_NAME "RudeConfig"
| #define PACKAGE_TARNAME "rudeconfig"
| #define PACKAGE_VERSION "5.0.5"
| #define PACKAGE_STRING "RudeConfig 5.0.5"
| #define PACKAGE_BUGREPORT "matt@rudeserver.com"
| #define PACKAGE "rudeconfig"
| #define VERSION "5.0.5"
| #ifdef __cplusplus
| extern "C" void std::exit (int) throw (); using std::exit;
| #endif
| /* end confdefs.h.  */
| #include <ac_nonexistent.h>
configure:4472: result: gcc -E
configure:4496: gcc -E  conftest.c
configure:4502: $? = 0
configure:4534: gcc -E  conftest.c
conftest.c:14:10: fatal error: ac_nonexistent.h: No such file or directory
 #include <ac_nonexistent.h>
          ^~~~~~~~~~~~~~~~~~
compilation terminated.
configure:4540: $? = 1
configure: failed program was:
| /* confdefs.h.  */
| 
| #define PACKAGE_NAME "RudeConfig"
| #define PACKAGE_TARNAME "rudeconfig"
| #define PACKAGE_VERSION "5.0.5"
| #define PACKAGE_STRING "RudeConfig 5.0.5"
| #define PACKAGE_BUGREPORT "matt@rudeserver.com"
| #define PACKAGE "rudeconfig"
| #define VERSION "5.0.5"
| #ifdef __cplusplus
| extern "C" void std::exit (int) throw (); using std::exit;
| #endif
| /* end confdefs.h.  */
| #include <ac_nonexistent.h>
configure:4584: checking for ANSI C header files
configure:4609: gcc -c -g -O2  conftest.c >&5
configure:4615: $? = 0
configure:4619: test -z 
			 || test ! -s conftest.err
configure:4622: $? = 0
configure:4625: test -s conftest.o
configure:4628: $? = 0
configure:4717: gcc -o conftest -g -O2   conftest.c  >&5
conftest.c: In function 'main':
conftest.c:31:7: warning: implicit declaration of function 'exit' [-Wimplicit-function-declaration]
       exit(2);
       ^~~~
conftest.c:31:7: warning: incompatible implicit declaration of built-in function 'exit'
conftest.c:31:7: note: include '<stdlib.h>' or provide a declaration of 'exit'
conftest.c:15:1:
+#include <stdlib.h>
 #if ((' ' & 0x0FF) == 0x020)
conftest.c:31:7:
       exit(2);
       ^~~~
conftest.c:32:3: warning: incompatible implicit declaration of built-in function 'exit'
   exit (0);
   ^~~~
conftest.c:32:3: note: include '<stdlib.h>' or provide a declaration of 'exit'
configure:4720: $? = 0
configure:4722: ./conftest
configure:4725: $? = 0
configure:4740: result: yes
configure:4764: checking for sys/types.h
configure:4780: gcc -c -g -O2  conftest.c >&5
configure:4786: $? = 0
configure:4790: test -z 
			 || test ! -s conftest.err
configure:4793: $? = 0
configure:4796: test -s conftest.o
configure:4799: $? = 0
configure:4810: result: yes
configure:4764: checking for sys/stat.h
configure:4780: gcc -c -g -O2  conftest.c >&5
configure:4786: $? = 0
configure:4790: test -z 
			 || test ! -s conftest.err
configure:4793: $? = 0
configure:4796: test -s conftest.o
configure:4799: $? = 0
configure:4810: result: yes
configure:4764: checking for stdlib.h
configure:4780: gcc -c -g -O2  conftest.c >&5
configure:4786: $? = 0
configure:4790: test -z 
			 || test ! -s conftest.err
configure:4793: $? = 0
configure:4796: test -s conftest.o
configure:4799: $? = 0
configure:4810: result: yes
configure:4764: checking for string.h
configure:4780: gcc -c -g -O2  conftest.c >&5
configure:4786: $? = 0
configure:4790: test -z 
			 || test ! -s conftest.err
configure:4793: $? = 0
configure:4796: test -s conftest.o
configure:4799: $? = 0
configure:4810: result: yes
configure:4764: checking for memory.h
configure:4780: gcc -c -g -O2  conftest.c >&5
configure:4786: $? = 0
configure:4790: test -z 
			 || test ! -s conftest.err
configure:4793: $? = 0
configure:4796: test -s conftest.o
configure:4799: $? = 0
configure:4810: result: yes
configure:4764: checking for strings.h
configure:4780: gcc -c -g -O2  conftest.c >&5
configure:4786: $? = 0
configure:4790: test -z 
			 || test ! -s conftest.err
configure:4793: $? = 0
configure:4796: test -s conftest.o
configure:4799: $? = 0
configure:4810: result: yes
configure:4764: checking for inttypes.h
configure:4780: gcc -c -g -O2  conftest.c >&5
configure:4786: $? = 0
configure:4790: test -z 
			 || test ! -s conftest.err
configure:4793: $? = 0
configure:4796: test -s conftest.o
configure:4799: $? = 0
configure:4810: result: yes
configure:4764: checking for stdint.h
configure:4780: gcc -c -g -O2  conftest.c >&5
configure:4786: $? = 0
configure:4790: test -z 
			 || test ! -s conftest.err
configure:4793: $? = 0
configure:4796: test -s conftest.o
configure:4799: $? = 0
configure:4810: result: yes
configure:4764: checking for unistd.h
configure:4780: gcc -c -g -O2  conftest.c >&5
configure:4786: $? = 0
configure:4790: test -z 
			 || test ! -s conftest.err
configure:4793: $? = 0
configure:4796: test -s conftest.o
configure:4799: $? = 0
configure:4810: result: yes
configure:4836: checking dlfcn.h usability
configure:4848: gcc -c -g -O2  conftest.c >&5
configure:4854: $? = 0
configure:4858: test -z 
			 || test ! -s conftest.err
configure:4861: $? = 0
configure:4864: test -s conftest.o
configure:4867: $? = 0
configure:4877: result: yes
configure:4881: checking dlfcn.h presence
configure:4891: gcc -E  conftest.c
configure:4897: $? = 0
configure:4917: result: yes
configure:4952: checking for dlfcn.h
configure:4959: result: yes
configure:4982: checking how to run the C++ preprocessor
configure:5013: g++ -E  conftest.cc
configure:5019: $? = 0
configure:5051: g++ -E  conftest.cc
conftest.cc:25:10: fatal error: ac_nonexistent.h: No such file or directory
 #include <ac_nonexistent.h>
          ^~~~~~~~~~~~~~~~~~
compilation terminated.
configure:5057: $? = 1
configure: failed program was:
| /* confdefs.h.  */
| 
| #define PACKAGE_NAME "RudeConfig"
| #define PACKAGE_TARNAME "rudeconfig"
| #define PACKAGE_VERSION "5.0.5"
| #define PACKAGE_STRING "RudeConfig 5.0.5"
| #define PACKAGE_BUGREPORT "matt@rudeserver.com"
| #define PACKAGE "rudeconfig"
| #define VERSION "5.0.5"
| #ifdef __cplusplus
| extern "C" void std::exit (int) throw (); using std::exit;
| #endif
| #define STDC_HEADERS 1
| #define HAVE_SYS_TYPES_H 1
| #define HAVE_SYS_STAT_H 1
| #define HAVE_STDLIB_H 1
| #define HAVE_STRING_H 1
| #define HAVE_MEMORY_H 1
| #define HAVE_STRINGS_H 1
| #define HAVE_INTTYPES_H 1
| #define HAVE_STDINT_H 1
| #define HAVE_UNISTD_H 1
| #define HAVE_DLFCN_H 1
| /* end confdefs.h.  */
| #include <ac_nonexistent.h>
configure:5096: result: g++ -E
configure:5120: g++ -E  conftest.cc
configure:5126: $? = 0
configure:5158: g++ -E  conftest.cc
conftest.cc:25:10: fatal error: ac_nonexistent.h: No such file or directory
 #include <ac_nonexistent.h>
          ^~~~~~~~~~~~~~~~~~
compilation terminated.
configure:5164: $? = 1
configure: failed program was:
| /* confdefs.h.  */
| 
| #define PACKAGE_NAME "RudeConfig"
| #define PACKAGE_TARNAME "rudeconfig"
| #define PACKAGE_VERSION "5.0.5"
| #define PACKAGE_STRING "RudeConfig 5.0.5"
| #define PACKAGE_BUGREPORT "matt@rudeserver.com"
| #define PACKAGE "rudeconfig"
| #define VERSION "5.0.5"
| #ifdef __cplusplus
| extern "C" void std::exit (int) throw (); using std::exit;
| #endif
| #define STDC_HEADERS 1
| #define HAVE_SYS_TYPES_H 1
| #define HAVE_SYS_STAT_H 1
| #define HAVE_STDLIB_H 1
| #define HAVE_STRING_H 1
| #define HAVE_MEMORY_H 1
| #define HAVE_STRINGS_H 1
| #define HAVE_INTTYPES_H 1
| #define HAVE_STDINT_H 1
| #define HAVE_UNISTD_H 1
| #define HAVE_DLFCN_H 1
| /* end confdefs.h.  */
| #include <ac_nonexistent.h>
configure:5261: checking for g77
configure:5290: result: no
configure:5261: checking for f77
configure:5290: result: no
configure:5261: checking for xlf
configure:5290: result: no
configure:5261: checking for frt
configure:5290: result: no
configure:5261: checking for pgf77
configure:5290: result: no
configure:5261: checking for fort77
configure:5290: result: no
configure:5261: checking for fl32
configure:5290: result: no
configure:5261: checking for af77
configure:5290: result: no
configure:5261: checking for f90
configure:5290: result: no
configure:5261: checking for xlf90
configure:5290: result: no
configure:5261: checking for pgf90
configure:5290: result: no
configure:5261: checking for epcf90
configure:5290: result: no
configure:5261: checking for f95
configure:5290: result: no
configure:5261: checking for fort
configure:5290: result: no
configure:5261: checking for xlf95
configure:5290: result: no
configure:5261: checking for ifc
configure:5290: result: no
configure:5261: checking for efc
configure:5290: result: no
configure:5261: checking for pgf95
configure:5290: result: no
configure:5261: checking for lf95
configure:5290: result: no
configure:5261: checking for gfortran
configure:5290: result: no
configure:5304: checking for Fortran 77 compiler version
configure:5305:  --version </dev/null >&5
./configure: line 5306: --version: command not found
configure:5308: $? = 127
configure:5310:  -v </dev/null >&5
./configure: line 5311: -v: command not found
configure:5313: $? = 127
configure:5315:  -V </dev/null >&5
./configure: line 5316: -V: command not found
configure:5318: $? = 127
configure:5326: checking whether we are using the GNU Fortran 77 compiler
configure:5340:  -c  conftest.F >&5
./configure: line 5341: -c: command not found
configure:5346: $? = 127
configure: failed program was:
|       program main
| #ifndef __GNUC__
|        choke me
| #endif
| 
|       end
configure:5372: result: no
configure:5378: checking whether  accepts -g
configure:5390:  -c -g conftest.f >&5
./configure: line 5391: -c: command not found
configure:5396: $? = 127
configure: failed program was:
|       program main
| 
|       end
configure:5421: result: no
configure:5451: checking the maximum length of command line arguments
configure:5560: result: 32768
configure:5571: checking command to parse /usr/bin/nm -B output from gcc object
configure:5676: gcc -c -g -O2  conftest.c >&5
configure:5679: $? = 0
configure:5683: /usr/bin/nm -B conftest.o \| sed -n -e 's/^.*[ 	]\([ABCDGIRSTW][ABCDGIRSTW]*\)[ 	][ 	]*\([_A-Za-z][_A-Za-z0-9]*\)$/\1 \2 \2/p' \> conftest.nm
configure:5686: $? = 0
configure:5738: gcc -o conftest -g -O2   conftest.c conftstm.o >&5
configure:5741: $? = 0
configure:5779: result: ok
configure:5783: checking for objdir
configure:5798: result: .libs
configure:5888: checking for ar
configure:5904: found /usr/bin/ar
configure:5915: result: ar
configure:5968: checking for ranlib
configure:5984: found /usr/bin/ranlib
configure:5995: result: ranlib
configure:6048: checking for strip
configure:6064: found /usr/bin/strip
configure:6075: result: strip
configure:6347: checking if gcc supports -fno-rtti -fno-exceptions
configure:6367: gcc -c -g -O2  -fno-rtti -fno-exceptions conftest.c >&5
cc1: warning: command line option '-fno-rtti' is valid for C++/ObjC++ but not for C
configure:6371: $? = 0
configure:6382: result: no
configure:6372: checking for gcc option to produce PIC
configure:6582: result: -fPIC
configure:6590: checking if gcc PIC flag -fPIC works
configure:6635: gcc -c -g -O2  -fPIC -DPIC conftest.c >&5
configure:6639: $? = 0
configure:6625: result: yes
configure:6624: checking if gcc static flag -static works
configure:6652: result: yes
configure:6662: checking if gcc supports -c -o file.o
configure:6739: gcc -c -g -O2  -o out/conftest2.o conftest.c >&5
configure:6743: $? = 0
configure:6685: result: yes
configure:6711: checking whether the gcc linker (/usr/bin/ld) supports shared libraries
configure:7669: result: yes
configure:7690: checking whether -lc should be explicitly linked in
configure:7695: gcc -c -g -O2  conftest.c >&5
configure:7698: $? = 0
configure:7713: gcc -shared conftest.o  -v -Wl,-soname -Wl,conftest -o conftest 2\>\&1 \| grep  -lc  \>/dev/null 2\>\&1
configure:7716: $? = 0
configure:7728: result: no
configure:7736: checking dynamic linker characteristics
configure:8345: result: GNU/Linux ld.so
configure:8354: checking how to hardcode library paths into programs
configure:8379: result: immediate
configure:8393: checking whether stripping libraries is possible
configure:8398: result: yes
configure:9232: checking if libtool supports shared libraries
configure:9234: result: yes
configure:9237: checking whether to build shared libraries
configure:9258: result: yes
configure:9261: checking whether to build static libraries
configure:9265: result: yes
configure:9357: creating libtool
configure:9948: checking for ld used by g++
configure:10015: result: /usr/bin/ld
configure:10024: checking if the linker (/usr/bin/ld) is GNU ld
configure:10039: result: yes
configure:10090: checking whether the g++ linker (/usr/bin/ld) supports shared libraries
configure:11028: result: yes
configure:11046: g++ -c -g -O2  conftest.cpp >&5
configure:11049: $? = 0
configure:11168: checking for g++ option to produce PIC
configure:11442: result: -fPIC
configure:11450: checking if g++ PIC flag -fPIC works
configure:11548: g++ -c -g -O2  -fPIC -DPIC conftest.cpp >&5
configure:11552: $? = 0
configure:11485: result: yes
configure:11513: checking if g++ static flag -static works
configure:11541: result: yes
configure:11551: checking if g++ supports -c -o file.o
configure:11652: g++ -c -g -O2  -o out/conftest2.o conftest.cpp >&5
configure:11656: $? = 0
configure:11598: result: yes
configure:11624: checking whether the g++ linker (/usr/bin/ld) supports shared libraries
configure:11649: result: yes
configure:11716: checking dynamic linker characteristics
configure:12325: result: GNU/Linux ld.so
configure:12334: checking how to hardcode library paths into programs
configure:12359: result: immediate
configure:18567: checking for ANSI C header files
configure:18723: result: yes
configure:18735: checking for an ANSI C-conforming const
configure:18802: gcc -c -g -O2  conftest.c >&5
configure:18808: $? = 0
configure:18812: test -z 
			 || test ! -s conftest.err
configure:18815: $? = 0
configure:18818: test -s conftest.o
configure:18821: $? = 0
configure:18832: result: yes
configure:18842: checking for inline
configure:18863: gcc -c -g -O2  conftest.c >&5
configure:18869: $? = 0
configure:18873: test -z 
			 || test ! -s conftest.err
configure:18876: $? = 0
configure:18879: test -s conftest.o
configure:18882: $? = 0
configure:18894: result: inline
configure:18913: checking for size_t
configure:18937: gcc -c -g -O2  conftest.c >&5
configure:18943: $? = 0
configure:18947: test -z 
			 || test ! -s conftest.err
configure:18950: $? = 0
configure:18953: test -s conftest.o
configure:18956: $? = 0
configure:18967: result: yes
configure:18985: checking for strrchr
configure:19042: gcc -o conftest -g -O2   conftest.c  >&5
conftest.c:50:6: warning: conflicting types for built-in function 'strrchr' [-Wbuiltin-declaration-mismatch]
 char strrchr ();
      ^~~~~~~
configure:19048: $? = 0
configure:19052: test -z 
			 || test ! -s conftest.err
configure:19055: $? = 0
configure:19058: test -s conftest
configure:19061: $? = 0
configure:19073: result: yes
configure:19231: creating ./config.status

## ---------------------- ##
## Running config.status. ##
## ---------------------- ##

This file was extended by RudeConfig config.status 5.0.5, which was
generated by GNU Autoconf 2.59.  Invocation command line was

  CONFIG_FILES    = 
  CONFIG_HEADERS  = 
  CONFIG_LINKS    = 
  CONFIG_COMMANDS = 
  $ ./config.status 

on orangepizero

config.status:697: creating Makefile
config.status:880: executing depfiles commands

## ---------------- ##
## Cache variables. ##
## ---------------- ##

ac_cv_build=armv7l-unknown-linux-gnu
ac_cv_build_alias=armv7l-unknown-linux-gnu
ac_cv_c_compiler_gnu=yes
ac_cv_c_const=yes
ac_cv_c_inline=inline
ac_cv_cxx_compiler_gnu=yes
ac_cv_env_CC_set=
ac_cv_env_CC_value=
ac_cv_env_CFLAGS_set=
ac_cv_env_CFLAGS_value=
ac_cv_env_CPPFLAGS_set=
ac_cv_env_CPPFLAGS_value=
ac_cv_env_CPP_set=
ac_cv_env_CPP_value=
ac_cv_env_CXXCPP_set=
ac_cv_env_CXXCPP_value=
ac_cv_env_CXXFLAGS_set=
ac_cv_env_CXXFLAGS_value=
ac_cv_env_CXX_set=
ac_cv_env_CXX_value=
ac_cv_env_F77_set=
ac_cv_env_F77_value=
ac_cv_env_FFLAGS_set=
ac_cv_env_FFLAGS_value=
ac_cv_env_LDFLAGS_set=
ac_cv_env_LDFLAGS_value=
ac_cv_env_build_alias_set=
ac_cv_env_build_alias_value=
ac_cv_env_host_alias_set=
ac_cv_env_host_alias_value=
ac_cv_env_target_alias_set=
ac_cv_env_target_alias_value=
ac_cv_exeext=
ac_cv_f77_compiler_gnu=no
ac_cv_func_strrchr=yes
ac_cv_header_dlfcn_h=yes
ac_cv_header_inttypes_h=yes
ac_cv_header_memory_h=yes
ac_cv_header_stdc=yes
ac_cv_header_stdint_h=yes
ac_cv_header_stdlib_h=yes
ac_cv_header_string_h=yes
ac_cv_header_strings_h=yes
ac_cv_header_sys_stat_h=yes
ac_cv_header_sys_types_h=yes
ac_cv_header_unistd_h=yes
ac_cv_host=armv7l-unknown-linux-gnu
ac_cv_host_alias=armv7l-unknown-linux-gnu
ac_cv_objext=o
ac_cv_path_install='/usr/bin/install -c'
ac_cv_prog_AWK=mawk
ac_cv_prog_CPP='gcc -E'
ac_cv_prog_CXXCPP='g++ -E'
ac_cv_prog_ac_ct_AR=ar
ac_cv_prog_ac_ct_CC=gcc
ac_cv_prog_ac_ct_CXX=g++
ac_cv_prog_ac_ct_RANLIB=ranlib
ac_cv_prog_ac_ct_STRIP=strip
ac_cv_prog_cc_g=yes
ac_cv_prog_cc_stdc=
ac_cv_prog_cxx_g=yes
ac_cv_prog_egrep='grep -E'
ac_cv_prog_f77_g=no
ac_cv_prog_make_make_set=yes
ac_cv_target=armv7l-unknown-linux-gnu
ac_cv_target_alias=armv7l-unknown-linux-gnu
ac_cv_type_size_t=yes
am_cv_CC_dependencies_compiler_type=gcc3
am_cv_CXX_dependencies_compiler_type=gcc3
lt_cv_deplibs_check_method=pass_all
lt_cv_file_magic_cmd='$MAGIC_CMD'
lt_cv_file_magic_test_file=
lt_cv_ld_reload_flag=-r
lt_cv_objdir=.libs
lt_cv_path_LD=/usr/bin/ld
lt_cv_path_LDCXX=/usr/bin/ld
lt_cv_path_NM='/usr/bin/nm -B'
lt_cv_path_SED=/usr/bin/sed
lt_cv_prog_compiler_c_o=yes
lt_cv_prog_compiler_c_o_CXX=yes
lt_cv_prog_compiler_rtti_exceptions=no
lt_cv_prog_gnu_ld=yes
lt_cv_prog_gnu_ldcxx=yes
lt_cv_sys_global_symbol_pipe='sed -n -e '\''s/^.*[ 	]\([ABCDGIRSTW][ABCDGIRSTW]*\)[ 	][ 	]*\([_A-Za-z][_A-Za-z0-9]*\)$/\1 \2 \2/p'\'''
lt_cv_sys_global_symbol_to_c_name_address='sed -n -e '\''s/^: \([^ ]*\) $/  {\"\1\", (lt_ptr) 0},/p'\'' -e '\''s/^[BCDEGRST] \([^ ]*\) \([^ ]*\)$/  {"\2", (lt_ptr) \&\2},/p'\'''
lt_cv_sys_global_symbol_to_cdecl='sed -n -e '\''s/^. .* \(.*\)$/extern int \1;/p'\'''
lt_cv_sys_max_cmd_len=32768
lt_lt_cv_prog_compiler_c_o='"yes"'
lt_lt_cv_prog_compiler_c_o_CXX='"yes"'
lt_lt_cv_sys_global_symbol_pipe='"sed -n -e '\''s/^.*[ 	]\\([ABCDGIRSTW][ABCDGIRSTW]*\\)[ 	][ 	]*\\([_A-Za-z][_A-Za-z0-9]*\\)\$/\\1 \\2 \\2/p'\''"'
lt_lt_cv_sys_global_symbol_to_c_name_address='"sed -n -e '\''s/^: \\([^ ]*\\) \$/  {\\\"\\1\\\", (lt_ptr) 0},/p'\'' -e '\''s/^[BCDEGRST] \\([^ ]*\\) \\([^ ]*\\)\$/  {\"\\2\", (lt_ptr) \\&\\2},/p'\''"'
lt_lt_cv_sys_global_symbol_to_cdecl='"sed -n -e '\''s/^. .* \\(.*\\)\$/extern int \\1;/p'\''"'

## ----------------- ##
## Output variables. ##
## ----------------- ##

ACLOCAL='${SHELL} /tmp/tmp.m9sE58VEik/lib/rudeconfig-5.0.5/missing --run aclocal-1.9'
AMDEPBACKSLASH='\'
AMDEP_FALSE='#'
AMDEP_TRUE=''
AMTAR='${SHELL} /tmp/tmp.m9sE58VEik/lib/rudeconfig-5.0.5/missing --run tar'
AR='ar'
AUTOCONF='${SHELL} /tmp/tmp.m9sE58VEik/lib/rudeconfig-5.0.5/missing --run autoconf'
AUTOHEADER='${SHELL} /tmp/tmp.m9sE58VEik/lib/rudeconfig-5.0.5/missing --run autoheader'
AUTOMAKE='${SHELL} /tmp/tmp.m9sE58VEik/lib/rudeconfig-5.0.5/missing --run automake-1.9'
AWK='mawk'
CC='gcc'
CCDEPMODE='depmode=gcc3'
CFLAGS='-g -O2'
CPP='gcc -E'
CPPFLAGS=''
CXX='g++'
CXXCPP='g++ -E'
CXXDEPMODE='depmode=gcc3'
CXXFLAGS='-g -O2'
CYGPATH_W='echo'
DEFS='-DPACKAGE_NAME=\"RudeConfig\" -DPACKAGE_TARNAME=\"rudeconfig\" -DPACKAGE_VERSION=\"5.0.5\" -DPACKAGE_STRING=\"RudeConfig\ 5.0.5\" -DPACKAGE_BUGREPORT=\"matt@rudeserver.com\" -DPACKAGE=\"rudeconfig\" -DVERSION=\"5.0.5\" -DSTDC_HEADERS=1 -DHAVE_SYS_TYPES_H=1 -DHAVE_SYS_STAT_H=1 -DHAVE_STDLIB_H=1 -DHAVE_STRING_H=1 -DHAVE_MEMORY_H=1 -DHAVE_STRINGS_H=1 -DHAVE_INTTYPES_H=1 -DHAVE_STDINT_H=1 -DHAVE_UNISTD_H=1 -DHAVE_DLFCN_H=1 -DSTDC_HEADERS=1 -DHAVE_STRRCHR=1 '
DEPDIR='.deps'
ECHO='echo'
ECHO_C=''
ECHO_N='-n'
ECHO_T=''
EGREP='grep -E'
EXEEXT=''
F77=''
FFLAGS=''
INSTALL_DATA='${INSTALL} -m 644'
INSTALL_PROGRAM='${INSTALL}'
INSTALL_SCRIPT='${INSTALL}'
INSTALL_STRIP_PROGRAM='${SHELL} $(install_sh) -c -s'
LDFLAGS=''
LIBOBJS=''
LIBS=''
LIBTOOL='$(SHELL) $(top_builddir)/libtool'
LN_S='ln -s'
LTLIBOBJS=''
MAKEINFO='${SHELL} /tmp/tmp.m9sE58VEik/lib/rudeconfig-5.0.5/missing --run makeinfo'
OBJEXT='o'
PACKAGE='rudeconfig'
PACKAGE_BUGREPORT='matt@rudeserver.com'
PACKAGE_NAME='RudeConfig'
PACKAGE_STRING='RudeConfig 5.0.5'
PACKAGE_TARNAME='rudeconfig'
PACKAGE_VERSION='5.0.5'
PATH_SEPARATOR=':'
RANLIB='ranlib'
SED='/usr/bin/sed'
SET_MAKE=''
SHELL='/bin/sh'
STRIP='strip'
VERSION='5.0.5'
ac_ct_AR='ar'
ac_ct_CC='gcc'
ac_ct_CXX='g++'
ac_ct_F77=''
ac_ct_RANLIB='ranlib'
ac_ct_STRIP='strip'
am__fastdepCC_FALSE='#'
am__fastdepCC_TRUE=''
am__fastdepCXX_FALSE='#'
am__fastdepCXX_TRUE=''
am__include='include'
am__leading_dot='.'
am__quote=''
am__tar='${AMTAR} chof - "$$tardir"'
am__untar='${AMTAR} xf -'
bindir='${exec_prefix}/bin'
build='armv7l-unknown-linux-gnu'
build_alias=''
build_cpu='armv7l'
build_os='linux-gnu'
build_vendor='unknown'
datadir='${prefix}/share'
exec_prefix='${prefix}'
host='armv7l-unknown-linux-gnu'
host_alias=''
host_cpu='armv7l'
host_os='linux-gnu'
host_vendor='unknown'
includedir='${prefix}/include'
infodir='${prefix}/info'
install_sh='/tmp/tmp.m9sE58VEik/lib/rudeconfig-5.0.5/install-sh'
libdir='${exec_prefix}/lib'
libexecdir='${exec_prefix}/libexec'
localstatedir='${prefix}/var'
mandir='${prefix}/man'
mkdir_p='mkdir -p --'
oldincludedir='/usr/include'
prefix='/usr/local'
program_transform_name='s,x,x,'
sbindir='${exec_prefix}/sbin'
sharedstatedir='${prefix}/com'
sysconfdir='${prefix}/etc'
target='armv7l-unknown-linux-gnu'
target_alias=''
target_cpu='armv7l'
target_os='linux-gnu'
target_vendor='unknown'

## ----------- ##
## confdefs.h. ##
## ----------- ##

#define HAVE_DLFCN_H 1
#define HAVE_INTTYPES_H 1
#define HAVE_MEMORY_H 1
#define HAVE_STDINT_H 1
#define HAVE_STDLIB_H 1
#define HAVE_STRINGS_H 1
#define HAVE_STRING_H 1
#define HAVE_STRRCHR 1
#define HAVE_SYS_STAT_H 1
#define HAVE_SYS_TYPES_H 1
#define HAVE_UNISTD_H 1
#define PACKAGE "rudeconfig"
#define PACKAGE_BUGREPORT "matt@rudeserver.com"
#define PACKAGE_NAME "RudeConfig"
#define PACKAGE_STRING "RudeConfig 5.0.5"
#define PACKAGE_TARNAME "rudeconfig"
#define PACKAGE_VERSION "5.0.5"
#define STDC_HEADERS 1
#define STDC_HEADERS 1
#define VERSION "5.0.5"
#endif
#ifdef __cplusplus
extern "C" void std::exit (int) throw (); using std::exit;

configure: exit 0
